<?xml version="1.0" encoding="UTF-8"?>
<testsuite name="test.java.com.kroot.json.utils.TempDatabaseTest" tests="2" skipped="0" failures="0" errors="0" timestamp="2015-08-26T19:29:19" hostname="LT40313" time="0.002">
  <properties/>
  <testcase name="testShuffleDeckByIdHappyPath" classname="test.java.com.kroot.json.utils.TempDatabaseTest" time="0.001"/>
  <testcase name="testDeleteDeckByIdHappyPath" classname="test.java.com.kroot.json.utils.TempDatabaseTest" time="0.0"/>
  <system-out><![CDATA[]]></system-out>
  <system-err><![CDATA[]]></system-err>
</testsuite>
