<?xml version="1.0" encoding="UTF-8"?>
<testsuite name="com.kroot.json.utils.TempDatabaseTest" tests="2" skipped="1" failures="0" errors="0" timestamp="2015-08-27T21:16:02" hostname="kay-PC" time="0.001">
  <properties/>
  <testcase name="testShuffleDeckByIdHappyPath" classname="com.kroot.json.utils.TempDatabaseTest" time="0.0">
    <skipped/>
  </testcase>
  <testcase name="testDeleteDeckByIdHappyPath" classname="com.kroot.json.utils.TempDatabaseTest" time="0.0"/>
  <system-out><![CDATA[]]></system-out>
  <system-err><![CDATA[]]></system-err>
</testsuite>
