<?xml version="1.0" encoding="UTF-8"?>
<testsuite name="com.kroot.json.action.DeckResourceTest" tests="5" skipped="0" failures="0" errors="0" timestamp="2015-08-27T21:16:02" hostname="kay-PC" time="0.004">
  <properties/>
  <testcase name="testGetAllDecksHappyPath" classname="com.kroot.json.action.DeckResourceTest" time="0.002"/>
  <testcase name="testCreateNewDeckHappyPath" classname="com.kroot.json.action.DeckResourceTest" time="0.0"/>
  <testcase name="testDeleteDeckByIDHappyPath" classname="com.kroot.json.action.DeckResourceTest" time="0.001"/>
  <testcase name="testShuffleDeckHappyPath" classname="com.kroot.json.action.DeckResourceTest" time="0.0"/>
  <testcase name="testGetDeckByIdHappyPath" classname="com.kroot.json.action.DeckResourceTest" time="0.0"/>
  <system-out><![CDATA[]]></system-out>
  <system-err><![CDATA[]]></system-err>
</testsuite>
