<?xml version="1.0" encoding="UTF-8"?>
<testsuite name="com.kroot.json.utils.TempDatabaseTest" tests="2" skipped="0" failures="0" errors="0" timestamp="2015-08-27T14:00:23" hostname="kay-PC" time="0.01">
  <properties/>
  <testcase name="testShuffleDeckByIdHappyPath" classname="com.kroot.json.utils.TempDatabaseTest" time="0.01"/>
  <testcase name="testDeleteDeckByIdHappyPath" classname="com.kroot.json.utils.TempDatabaseTest" time="0.0"/>
  <system-out><![CDATA[]]></system-out>
  <system-err><![CDATA[]]></system-err>
</testsuite>
